<?xml version="1.0" encoding="UTF-8"?>
<testsuite xmlns:xsi="http://www.w3.org/2001/XMLSchema-instance" xsi:noNamespaceSchemaLocation="https://maven.apache.org/surefire/maven-surefire-plugin/xsd/surefire-test-report-3.0.xsd" version="3.0" name="com.example.TestConnection" time="0.0" tests="0" errors="0" skipped="0" failures="0">
  <properties>
    <property name="sun.desktop" value="windows"/>
    <property name="awt.toolkit" value="sun.awt.windows.WToolkit"/>
    <property name="file.encoding.pkg" value="sun.io"/>
    <property name="java.specification.version" value="1.8"/>
    <property name="sun.cpu.isalist" value="amd64"/>
    <property name="sun.jnu.encoding" value="GBK"/>
    <property name="java.class.path" value="D:\Learning program\IDEA\ID_Java\forum (2)\target\test-classes;D:\Learning program\IDEA\ID_Java\forum (2)\target\classes;D:\Programming\Apache\Maven\apache-maven-3.8.6\repository\junit\junit\3.8.1\junit-3.8.1.jar;D:\Programming\Apache\Maven\apache-maven-3.8.6\repository\org\springframework\spring-webmvc\5.3.24\spring-webmvc-5.3.24.jar;D:\Programming\Apache\Maven\apache-maven-3.8.6\repository\org\springframework\spring-aop\5.3.24\spring-aop-5.3.24.jar;D:\Programming\Apache\Maven\apache-maven-3.8.6\repository\org\springframework\spring-beans\5.3.24\spring-beans-5.3.24.jar;D:\Programming\Apache\Maven\apache-maven-3.8.6\repository\org\springframework\spring-context\5.3.24\spring-context-5.3.24.jar;D:\Programming\Apache\Maven\apache-maven-3.8.6\repository\org\springframework\spring-core\5.3.24\spring-core-5.3.24.jar;D:\Programming\Apache\Maven\apache-maven-3.8.6\repository\org\springframework\spring-jcl\5.3.24\spring-jcl-5.3.24.jar;D:\Programming\Apache\Maven\apache-maven-3.8.6\repository\org\springframework\spring-expression\5.3.24\spring-expression-5.3.24.jar;D:\Programming\Apache\Maven\apache-maven-3.8.6\repository\org\springframework\spring-web\5.3.24\spring-web-5.3.24.jar;D:\Programming\Apache\Maven\apache-maven-3.8.6\repository\org\springframework\spring-jdbc\5.3.24\spring-jdbc-5.3.24.jar;D:\Programming\Apache\Maven\apache-maven-3.8.6\repository\org\springframework\spring-tx\5.3.24\spring-tx-5.3.24.jar;D:\Programming\Apache\Maven\apache-maven-3.8.6\repository\mysql\mysql-connector-java\8.0.26\mysql-connector-java-8.0.26.jar;D:\Programming\Apache\Maven\apache-maven-3.8.6\repository\com\google\protobuf\protobuf-java\3.11.4\protobuf-java-3.11.4.jar;D:\Programming\Apache\Maven\apache-maven-3.8.6\repository\javax\servlet\javax.servlet-api\4.0.1\javax.servlet-api-4.0.1.jar;D:\Programming\Apache\Maven\apache-maven-3.8.6\repository\javax\persistence\javax.persistence-api\2.2\javax.persistence-api-2.2.jar;D:\Programming\Apache\Maven\apache-maven-3.8.6\repository\javax\servlet\jstl\1.2\jstl-1.2.jar;"/>
    <property name="java.vm.vendor" value="Oracle Corporation"/>
    <property name="sun.arch.data.model" value="64"/>
    <property name="user.variant" value=""/>
    <property name="java.vendor.url" value="http://java.oracle.com/"/>
    <property name="user.timezone" value="Asia/Shanghai"/>
    <property name="java.vm.specification.version" value="1.8"/>
    <property name="os.name" value="Windows 11"/>
    <property name="user.country" value="CN"/>
    <property name="sun.java.launcher" value="SUN_STANDARD"/>
    <property name="sun.boot.library.path" value="C:\Program Files\Java\jdk-1.8\jre\bin"/>
    <property name="sun.java.command" value="C:\Users\世友\AppData\Local\Temp\surefire4299958306194099429\surefirebooter-20250520132949049_3.jar C:\Users\世友\AppData\Local\Temp\surefire4299958306194099429 2025-05-20T13-29-48_228-jvmRun1 surefire-20250520132949049_1tmp surefire_0-20250520132949049_2tmp"/>
    <property name="surefire.test.class.path" value="D:\Learning program\IDEA\ID_Java\forum (2)\target\test-classes;D:\Learning program\IDEA\ID_Java\forum (2)\target\classes;D:\Programming\Apache\Maven\apache-maven-3.8.6\repository\junit\junit\3.8.1\junit-3.8.1.jar;D:\Programming\Apache\Maven\apache-maven-3.8.6\repository\org\springframework\spring-webmvc\5.3.24\spring-webmvc-5.3.24.jar;D:\Programming\Apache\Maven\apache-maven-3.8.6\repository\org\springframework\spring-aop\5.3.24\spring-aop-5.3.24.jar;D:\Programming\Apache\Maven\apache-maven-3.8.6\repository\org\springframework\spring-beans\5.3.24\spring-beans-5.3.24.jar;D:\Programming\Apache\Maven\apache-maven-3.8.6\repository\org\springframework\spring-context\5.3.24\spring-context-5.3.24.jar;D:\Programming\Apache\Maven\apache-maven-3.8.6\repository\org\springframework\spring-core\5.3.24\spring-core-5.3.24.jar;D:\Programming\Apache\Maven\apache-maven-3.8.6\repository\org\springframework\spring-jcl\5.3.24\spring-jcl-5.3.24.jar;D:\Programming\Apache\Maven\apache-maven-3.8.6\repository\org\springframework\spring-expression\5.3.24\spring-expression-5.3.24.jar;D:\Programming\Apache\Maven\apache-maven-3.8.6\repository\org\springframework\spring-web\5.3.24\spring-web-5.3.24.jar;D:\Programming\Apache\Maven\apache-maven-3.8.6\repository\org\springframework\spring-jdbc\5.3.24\spring-jdbc-5.3.24.jar;D:\Programming\Apache\Maven\apache-maven-3.8.6\repository\org\springframework\spring-tx\5.3.24\spring-tx-5.3.24.jar;D:\Programming\Apache\Maven\apache-maven-3.8.6\repository\mysql\mysql-connector-java\8.0.26\mysql-connector-java-8.0.26.jar;D:\Programming\Apache\Maven\apache-maven-3.8.6\repository\com\google\protobuf\protobuf-java\3.11.4\protobuf-java-3.11.4.jar;D:\Programming\Apache\Maven\apache-maven-3.8.6\repository\javax\servlet\javax.servlet-api\4.0.1\javax.servlet-api-4.0.1.jar;D:\Programming\Apache\Maven\apache-maven-3.8.6\repository\javax\persistence\javax.persistence-api\2.2\javax.persistence-api-2.2.jar;D:\Programming\Apache\Maven\apache-maven-3.8.6\repository\javax\servlet\jstl\1.2\jstl-1.2.jar;"/>
    <property name="sun.cpu.endian" value="little"/>
    <property name="user.home" value="C:\Users\世友"/>
    <property name="user.language" value="zh"/>
    <property name="java.specification.vendor" value="Oracle Corporation"/>
    <property name="java.home" value="C:\Program Files\Java\jdk-1.8\jre"/>
    <property name="basedir" value="D:\Learning program\IDEA\ID_Java\forum (2)"/>
    <property name="file.separator" value="\"/>
    <property name="line.separator" value="&#10;"/>
    <property name="java.vm.specification.vendor" value="Oracle Corporation"/>
    <property name="java.specification.name" value="Java Platform API Specification"/>
    <property name="java.awt.graphicsenv" value="sun.awt.Win32GraphicsEnvironment"/>
    <property name="surefire.real.class.path" value="C:\Users\世友\AppData\Local\Temp\surefire4299958306194099429\surefirebooter-20250520132949049_3.jar"/>
    <property name="sun.boot.class.path" value="C:\Program Files\Java\jdk-1.8\jre\lib\resources.jar;C:\Program Files\Java\jdk-1.8\jre\lib\rt.jar;C:\Program Files\Java\jdk-1.8\jre\lib\jsse.jar;C:\Program Files\Java\jdk-1.8\jre\lib\jce.jar;C:\Program Files\Java\jdk-1.8\jre\lib\charsets.jar;C:\Program Files\Java\jdk-1.8\jre\lib\jfr.jar;C:\Program Files\Java\jdk-1.8\jre\classes"/>
    <property name="user.script" value=""/>
    <property name="sun.management.compiler" value="HotSpot 64-Bit Tiered Compilers"/>
    <property name="java.runtime.version" value="1.8.0_401-b10"/>
    <property name="user.name" value="世友"/>
    <property name="path.separator" value=";"/>
    <property name="os.version" value="10.0"/>
    <property name="java.endorsed.dirs" value="C:\Program Files\Java\jdk-1.8\jre\lib\endorsed"/>
    <property name="java.runtime.name" value="Java(TM) SE Runtime Environment"/>
    <property name="file.encoding" value="GBK"/>
    <property name="java.vm.name" value="Java HotSpot(TM) 64-Bit Server VM"/>
    <property name="localRepository" value="D:\Programming\Apache\Maven\apache-maven-3.8.6\repository"/>
    <property name="java.vendor.url.bug" value="http://bugreport.sun.com/bugreport/"/>
    <property name="java.io.tmpdir" value="C:\Users\世友\AppData\Local\Temp\"/>
    <property name="idea.version" value="2024.2.3"/>
    <property name="java.version" value="1.8.0_401"/>
    <property name="user.dir" value="D:\Learning program\IDEA\ID_Java\forum (2)"/>
    <property name="os.arch" value="amd64"/>
    <property name="java.vm.specification.name" value="Java Virtual Machine Specification"/>
    <property name="java.awt.printerjob" value="sun.awt.windows.WPrinterJob"/>
    <property name="sun.os.patch.level" value=""/>
    <property name="java.library.path" value="C:\Program Files\Java\jdk-1.8\jre\bin;C:\WINDOWS\Sun\Java\bin;C:\WINDOWS\system32;C:\WINDOWS;C:\Program Files\Java\jdk-17\bin;D:\Learning program\VMware\bin\;D:\Learning program\Anaconda;D:\Learning program\Anaconda\Library\mingw-w64\bin;D:\Learning program\Anaconda\Library\usr\bin;D:\Learning program\Anaconda\Library\bin;D:\Learning program\Anaconda\Scripts;%MYSQL_HOME%;D:\Learning program\apache-tomcat-9.0.94\bin;C:\Program Files\Common Files\Oracle\Java\javapath;C:\Program Files (x86)\Common Files\Oracle\Java\javapath;C:\Program Files (x86)\NVIDIA Corporation\PhysX\Common;C:\Program Files\Microsoft\jdk-11.0.16.101-hotspot\bin;C:\WINDOWS\system32;C:\WINDOWS;C:\WINDOWS\System32\Wbem;C:\WINDOWS\System32\WindowsPowerShell\v1.0\;C:\WINDOWS\System32\OpenSSH\;D:\Program Files\MySQL\MySQL Server 8.0\bin;C:\Program Files (x86)\Windows Kits\10\Windows Performance Toolkit\;D:\document\New Folder\;C:\ProgramData\chocolatey\bin;C:\Program Files\Git\cmd;D:\Maven\apache-maven-3.9.9\bin;D:\Android\SDK\platform-tools;D:\Learning program\OpenCV\opencv\build\bin;D:\Learning program\OpenCV\opencv\build\x64;D:\Python\Scripts\;D:\Python\;D:\Maven\mvn-repository\bin;C:\Program Files\MySQL\MySQL Shell 8.0\bin\;C:\Users\世友\AppData\Local\Microsoft\WindowsApps;D:\Learning program\IDEA\IntelliJ IDEA 2024.2.3\bin;;%PyCharm Community Edition%;%PyCharm%;D:\Microsoft VS Code\bin;C:\Program Files\Bandizip\;C:\Users\世友\AppData\Roaming\npm;;C:\Users\世友\AppData\Local\Programs\Ollama;C:\Program Files (x86)\SSH Communications Security\SSH Secure Shell;."/>
    <property name="java.vm.info" value="mixed mode"/>
    <property name="java.vendor" value="Oracle Corporation"/>
    <property name="java.vm.version" value="25.401-b10"/>
    <property name="java.specification.maintenance.version" value="5"/>
    <property name="java.ext.dirs" value="C:\Program Files\Java\jdk-1.8\jre\lib\ext;C:\WINDOWS\Sun\Java\lib\ext"/>
    <property name="sun.io.unicode.encoding" value="UnicodeLittle"/>
    <property name="maven.repo.local" value="D:\Programming\Apache\Maven\apache-maven-3.8.6\repository"/>
    <property name="java.class.version" value="52.0"/>
  </properties>
</testsuite>